app/build/outputs/logs/manifest-merger-debug-report.txt
-- Merging decision tree log ---
manifest
ADDED from src\main\AndroidManifest.xml:3:1-20:12
	package
		ADDED from src\main\AndroidManifest.xml:4:1-44
		INJECTED from src\main\AndroidManifest.xml
		INJECTED from src\main\AndroidManifest.xml
	android:versionName
		INJECTED from src\main\AndroidManifest.xml
		INJECTED from src\main\AndroidManifest.xml
	xmlns:android
		ADDED from src\main\AndroidManifest.xml:3:11-69
	android:versionCode
		INJECTED from src\main\AndroidManifest.xml
		INJECTED from src\main\AndroidManifest.xml
uses-permission#android.permission.INTERNET
ADDED from src\main\AndroidManifest.xml:5:1-63
	android:name
		ADDED from src\main\AndroidManifest.xml:5:18-60
application
ADDED from src\main\AndroidManifest.xml:6:1-19:15
MERGED from [com.android.support:cardview-v7:23.4.0] AndroidManifest.xml:22:5-20
MERGED from [com.android.support.constraint:constraint-layout:1.0.2] AndroidManifest.xml:9:5-20
MERGED from [com.android.support:design:23.4.0] AndroidManifest.xml:22:5-20
MERGED from [com.android.support:appcompat-v7:23.4.0] AndroidManifest.xml:25:5-20
MERGED from [com.android.support:animated-vector-drawable:23.4.0] AndroidManifest.xml:7:5-20
MERGED from [com.android.support:support-vector-drawable:23.4.0] AndroidManifest.xml:7:5-20
MERGED from [com.android.support:support-v4:23.4.0] AndroidManifest.xml:22:5-20
	android:label
		ADDED from src\main\AndroidManifest.xml:6:76-108
	android:supportsRtl
		ADDED from src\main\AndroidManifest.xml:7:5-31
	android:allowBackup
		ADDED from src\main\AndroidManifest.xml:6:14-40
	android:icon
		ADDED from src\main\AndroidManifest.xml:6:41-75
	android:theme
		ADDED from src\main\AndroidManifest.xml:7:32-63
activity#org.madanpuraskar.cataloguesearch.MonographList
ADDED from src\main\AndroidManifest.xml:8:5-14:16
	android:name
		ADDED from src\main\AndroidManifest.xml:8:15-77
intent-filter#android.intent.action.MAIN+android.intent.category.LAUNCHER
ADDED from src\main\AndroidManifest.xml:9:9-12:25
action#android.intent.action.MAIN
ADDED from src\main\AndroidManifest.xml:10:13-65
	android:name
		ADDED from src\main\AndroidManifest.xml:10:21-62
category#android.intent.category.LAUNCHER
ADDED from src\main\AndroidManifest.xml:11:13-73
	android:name
		ADDED from src\main\AndroidManifest.xml:11:23-70
activity#org.madanpuraskar.cataloguesearch.Dashboard
ADDED from src\main\AndroidManifest.xml:15:5-18:16
	android:label
		ADDED from src\main\AndroidManifest.xml:15:74-122
	android:theme
		ADDED from src\main\AndroidManifest.xml:16:9-52
	android:name
		ADDED from src\main\AndroidManifest.xml:15:15-73
uses-sdk
INJECTED from src\main\AndroidManifest.xml reason: use-sdk injection requested
MERGED from [com.android.support:cardview-v7:23.4.0] AndroidManifest.xml:20:5-43
MERGED from [com.android.support.constraint:constraint-layout:1.0.2] AndroidManifest.xml:5:5-7:41
MERGED from [com.android.support:design:23.4.0] AndroidManifest.xml:20:5-43
MERGED from [com.android.support:recyclerview-v7:23.4.0] AndroidManifest.xml:20:5-43
MERGED from [com.android.support:appcompat-v7:23.4.0] AndroidManifest.xml:21:5-23:78
MERGED from [com.android.support:animated-vector-drawable:23.4.0] AndroidManifest.xml:5:5-44
MERGED from [com.android.support:support-vector-drawable:23.4.0] AndroidManifest.xml:5:5-43
MERGED from [com.android.support:support-v4:23.4.0] AndroidManifest.xml:20:5-43
	tools:overrideLibrary
		ADDED from [com.android.support:appcompat-v7:23.4.0] AndroidManifest.xml:23:9-75
	android:targetSdkVersion
		INJECTED from src\main\AndroidManifest.xml
		INJECTED from src\main\AndroidManifest.xml
	android:minSdkVersion
		INJECTED from src\main\AndroidManifest.xml
		INJECTED from src\main\AndroidManifest.xml